<?xml version="1.0" encoding="UTF-8"?>
<!-- Generated by org.testng.reporters.JUnitReportReporter -->
<testsuite hostname="Pawan" name="com.practice.yourLogo.Tests.YourLogoRegistrationTest" tests="7" failures="0" timestamp="23 Jul 2017 20:09:08 GMT" time="25.794" errors="0">
  <testcase name="createTestAccount" time="2.632" classname="com.practice.yourLogo.Tests.YourLogoRegistrationTest"/>
  <testcase name="createTestAccount" time="2.709" classname="com.practice.yourLogo.Tests.YourLogoRegistrationTest"/>
  <testcase name="createTestAccount" time="4.256" classname="com.practice.yourLogo.Tests.YourLogoRegistrationTest"/>
  <testcase name="createTestAccount" time="4.107" classname="com.practice.yourLogo.Tests.YourLogoRegistrationTest"/>
  <testcase name="createTestAccount" time="4.448" classname="com.practice.yourLogo.Tests.YourLogoRegistrationTest"/>
  <testcase name="createTestAccount" time="3.969" classname="com.practice.yourLogo.Tests.YourLogoRegistrationTest"/>
  <testcase name="createTestAccount" time="3.673" classname="com.practice.yourLogo.Tests.YourLogoRegistrationTest"/>
</testsuite> <!-- com.practice.yourLogo.Tests.YourLogoRegistrationTest -->
