<?xml version="1.0" encoding="UTF-8"?>
<!-- Generated by org.testng.reporters.JUnitReportReporter -->
<testsuite hostname="Pawan" name="com.practice.yourLogo.Tests.YourLogoRegistrationTest" tests="7" failures="0" timestamp="7 Aug 2017 20:24:19 GMT" time="99.117" errors="0">
  <testcase name="createTestAccount" time="14.487" classname="com.practice.yourLogo.Tests.YourLogoRegistrationTest"/>
  <testcase name="createTestAccount" time="14.605" classname="com.practice.yourLogo.Tests.YourLogoRegistrationTest"/>
  <testcase name="createTestAccount" time="14.344" classname="com.practice.yourLogo.Tests.YourLogoRegistrationTest"/>
  <testcase name="createTestAccount" time="12.744" classname="com.practice.yourLogo.Tests.YourLogoRegistrationTest"/>
  <testcase name="createTestAccount" time="12.944" classname="com.practice.yourLogo.Tests.YourLogoRegistrationTest"/>
  <testcase name="createTestAccount" time="14.722" classname="com.practice.yourLogo.Tests.YourLogoRegistrationTest"/>
  <testcase name="createTestAccount" time="15.271" classname="com.practice.yourLogo.Tests.YourLogoRegistrationTest"/>
</testsuite> <!-- com.practice.yourLogo.Tests.YourLogoRegistrationTest -->
