<?xml version="1.0" encoding="UTF-8"?>
<!-- Generated by org.testng.reporters.JUnitReportReporter -->
<testsuite hostname="Pawan" name="com.practice.yourLogo.Tests.YourLogoRegistrationTest" tests="7" failures="0" timestamp="7 Aug 2017 03:30:57 GMT" time="90.543" errors="0">
  <testcase name="createTestAccount" time="12.787" classname="com.practice.yourLogo.Tests.YourLogoRegistrationTest"/>
  <testcase name="createTestAccount" time="16.323" classname="com.practice.yourLogo.Tests.YourLogoRegistrationTest"/>
  <testcase name="createTestAccount" time="3.594" classname="com.practice.yourLogo.Tests.YourLogoRegistrationTest"/>
  <testcase name="createTestAccount" time="16.533" classname="com.practice.yourLogo.Tests.YourLogoRegistrationTest"/>
  <testcase name="createTestAccount" time="16.947" classname="com.practice.yourLogo.Tests.YourLogoRegistrationTest"/>
  <testcase name="createTestAccount" time="12.687" classname="com.practice.yourLogo.Tests.YourLogoRegistrationTest"/>
  <testcase name="createTestAccount" time="11.672" classname="com.practice.yourLogo.Tests.YourLogoRegistrationTest"/>
</testsuite> <!-- com.practice.yourLogo.Tests.YourLogoRegistrationTest -->
