<?xml version="1.0" encoding="UTF-8"?>
<!-- Generated by org.testng.reporters.JUnitReportReporter -->
<testsuite hostname="Pawan" name="com.practice.yourLogo.Tests.YourLogoRegistrationTest" tests="1" failures="0" timestamp="3 Jul 2017 05:02:39 GMT" time="5.120" errors="0">
  <testcase name="createTestAccount" time="5.120" classname="com.practice.yourLogo.Tests.YourLogoRegistrationTest"/>
</testsuite> <!-- com.practice.yourLogo.Tests.YourLogoRegistrationTest -->
